<?xml version="1.0" encoding="UTF-8"?>
<!-- Generated by org.testng.reporters.JUnitReportReporter -->
<testsuite hostname="Gangesh_007" failures="0" tests="3" name="thetestingacademy.sep05.testngexample.TestNG004" time="0.005" errors="0" timestamp="2024-09-15T21:26:09 IST" skipped="0">
  <testcase classname="thetestingacademy.sep05.testngexample.TestNG004" name="test1" time="0.002"/>
  <testcase classname="thetestingacademy.sep05.testngexample.TestNG004" name="test2" time="0.002"/>
  <testcase classname="thetestingacademy.sep05.testngexample.TestNG004" name="test3" time="0.001"/>
</testsuite> <!-- thetestingacademy.sep05.testngexample.TestNG004 -->
